2023-01-17 08:54:39,460 - 30JulyEcommerce -INFO - Enter user mailL
2023-01-17 08:58:38,882 - 30JulyEcommerce -INFO - Open commerce URL
2023-01-17 08:58:42,186 - 30JulyEcommerce -INFO - Enter user mailL
2023-01-17 08:59:51,752 - 30JulyEcommerce -INFO - Open commerce URL
2023-01-17 08:59:55,045 - 30JulyEcommerce -INFO - Enter user mailL
2023-01-17 08:59:58,168 - 30JulyEcommerce -INFO - Enter User password
2023-01-17 09:00:01,892 - 30JulyEcommerce -INFO - Clicked on longin button
2023-01-18 08:03:56,751 - 30JulyEcommerce -INFO - Open URL
2023-01-18 08:04:00,057 - 30JulyEcommerce -INFO - Enter user mailL
2023-01-18 08:04:03,186 - 30JulyEcommerce -INFO - Enter User password
2023-01-18 08:04:08,129 - 30JulyEcommerce -INFO - Clicked on longin button
2023-01-18 08:04:11,141 - 30JulyEcommerce -INFO - Login successfully
2023-01-18 08:23:00,313 - 30JulyEcommerce -INFO - Open URL
2023-01-18 08:23:03,620 - 30JulyEcommerce -INFO - Enter user mailL
2023-01-18 08:23:06,749 - 30JulyEcommerce -INFO - Enter User password
2023-01-18 08:23:11,194 - 30JulyEcommerce -INFO - Clicked on longin button
2023-01-18 08:24:43,506 - 30JulyEcommerce -INFO - Open URL
2023-01-18 08:24:46,816 - 30JulyEcommerce -INFO - Enter user mailL
2023-01-18 08:24:49,942 - 30JulyEcommerce -INFO - Enter User password
2023-01-18 08:24:54,395 - 30JulyEcommerce -INFO - Clicked on longin button
2023-01-18 08:28:09,942 - 30JulyEcommerce -INFO - Open URL
2023-01-18 08:28:13,239 - 30JulyEcommerce -INFO - Enter user mailL
2023-01-18 08:28:16,370 - 30JulyEcommerce -INFO - Enter User password
2023-01-18 08:28:20,805 - 30JulyEcommerce -INFO - Clicked on longin button
2023-01-18 08:33:18,789 - 30JulyEcommerce -INFO - Open URL
2023-01-18 08:33:22,081 - 30JulyEcommerce -INFO - Enter user mailL
2023-01-18 08:33:25,201 - 30JulyEcommerce -INFO - Enter User password
2023-01-18 08:33:29,628 - 30JulyEcommerce -INFO - Clicked on longin button
2023-01-18 08:36:38,032 - 30JulyEcommerce -INFO - Open URL
2023-01-18 08:36:41,343 - 30JulyEcommerce -INFO - Enter user mailL
2023-01-18 08:36:44,471 - 30JulyEcommerce -INFO - Enter User password
2023-01-18 08:36:48,898 - 30JulyEcommerce -INFO - Clicked on longin button
2023-01-18 08:40:14,572 - 30JulyEcommerce -INFO - Open URL
2023-01-18 08:40:17,856 - 30JulyEcommerce -INFO - Enter user mailL
2023-01-18 08:40:20,984 - 30JulyEcommerce -INFO - Enter User password
2023-01-18 08:40:25,454 - 30JulyEcommerce -INFO - Clicked on longin button
2023-01-18 08:43:35,992 - 30JulyEcommerce -INFO - Open URL
2023-01-18 08:43:39,324 - 30JulyEcommerce -INFO - Enter user mailL
2023-01-18 08:43:42,449 - 30JulyEcommerce -INFO - Enter User password
2023-01-18 08:43:46,891 - 30JulyEcommerce -INFO - Clicked on longin button
2023-01-18 09:13:13,975 - 30JulyEcommerce -INFO - Open URL
2023-01-18 09:13:17,283 - 30JulyEcommerce -INFO - Enter user mailL
2023-01-18 09:13:20,406 - 30JulyEcommerce -INFO - Enter User password
2023-01-18 09:13:24,936 - 30JulyEcommerce -INFO - Clicked on longin button
2023-01-18 09:14:35,031 - 30JulyEcommerce -INFO - Open URL
2023-01-18 09:14:38,314 - 30JulyEcommerce -INFO - Enter user mailL
2023-01-18 09:14:41,438 - 30JulyEcommerce -INFO - Enter User password
2023-01-18 09:14:45,916 - 30JulyEcommerce -INFO - Clicked on longin button
2023-01-18 09:15:22,838 - 30JulyEcommerce -INFO - Open URL
2023-01-18 09:15:26,108 - 30JulyEcommerce -INFO - Enter user mailL
2023-01-18 09:15:29,248 - 30JulyEcommerce -INFO - Enter User password
2023-01-18 09:15:33,659 - 30JulyEcommerce -INFO - Clicked on longin button
2023-01-18 19:32:13,070 - 30JulyEcommerce -INFO - Open URL
2023-01-18 19:32:16,469 - 30JulyEcommerce -INFO - Enter user mailL
2023-01-18 19:32:19,646 - 30JulyEcommerce -INFO - Enter User password
2023-01-18 19:32:24,171 - 30JulyEcommerce -INFO - Clicked on longin button
2023-01-19 08:25:14,645 - 30JulyEcommerce -INFO - Open URL
2023-01-19 08:25:17,963 - 30JulyEcommerce -INFO - Enter user mailL
2023-01-19 08:25:21,104 - 30JulyEcommerce -INFO - Enter User password
2023-01-19 08:25:24,838 - 30JulyEcommerce -INFO - Clicked on longin button
2023-01-19 08:25:31,779 - 30JulyEcommerce -INFO - Mouseover on computer
2023-01-19 08:27:22,106 - 30JulyEcommerce -INFO - Open URL
2023-01-19 08:27:25,408 - 30JulyEcommerce -INFO - Enter user mailL
2023-01-19 08:27:28,552 - 30JulyEcommerce -INFO - Enter User password
2023-01-19 08:27:32,775 - 30JulyEcommerce -INFO - Clicked on longin button
2023-01-19 08:27:35,971 - 30JulyEcommerce -INFO - Mouseover on computer
2023-01-19 08:27:36,599 - 30JulyEcommerce -INFO - Clicked on NotebookText
2023-01-19 08:29:49,420 - 30JulyEcommerce -INFO - Open URL
2023-01-19 08:29:52,718 - 30JulyEcommerce -INFO - Enter user mailL
2023-01-19 08:29:55,864 - 30JulyEcommerce -INFO - Enter User password
2023-01-19 08:30:00,761 - 30JulyEcommerce -INFO - Clicked on longin button
2023-01-19 08:30:03,927 - 30JulyEcommerce -INFO - Mouseover on computer
2023-01-19 08:30:04,787 - 30JulyEcommerce -INFO - Clicked on NotebookText
2023-01-19 08:30:06,641 - 30JulyEcommerce -INFO - Product selected
2023-01-19 08:30:06,722 - 30JulyEcommerce -INFO - Add to cart
2023-01-19 08:30:07,080 - 30JulyEcommerce -INFO - Verified message
2023-01-19 08:30:07,143 - 30JulyEcommerce -INFO - Clciked on close Tab
2023-01-19 09:00:23,233 - 30JulyEcommerce -INFO - Open URL
2023-01-19 09:00:26,538 - 30JulyEcommerce -INFO - Enter user mailL
2023-01-19 09:00:29,694 - 30JulyEcommerce -INFO - Enter User password
2023-01-19 09:00:34,641 - 30JulyEcommerce -INFO - Clicked on longin button
2023-01-19 09:00:46,074 - 30JulyEcommerce -INFO - Open URL
2023-01-19 09:00:49,305 - 30JulyEcommerce -INFO - Enter user mailL
2023-01-19 09:00:52,420 - 30JulyEcommerce -INFO - Enter User password
2023-01-19 09:00:56,591 - 30JulyEcommerce -INFO - Clicked on longin button
2023-01-19 09:00:59,764 - 30JulyEcommerce -INFO - Mouseover on computer
2023-01-19 09:01:00,669 - 30JulyEcommerce -INFO - Clicked on NotebookText
2023-01-19 09:01:01,865 - 30JulyEcommerce -INFO - Product selected
2023-01-19 09:01:01,932 - 30JulyEcommerce -INFO - Add to cart
2023-01-19 09:01:02,750 - 30JulyEcommerce -INFO - Verified message
2023-01-19 09:01:02,805 - 30JulyEcommerce -INFO - Clciked on close Tab
2023-01-20 08:14:44,695 - 30JulyEcommerce -INFO - User created
2023-01-20 09:24:17,959 - 30JulyEcommerce -INFO - Open URL
2023-01-20 09:24:21,280 - 30JulyEcommerce -INFO - Enter user mailL
2023-01-20 09:24:24,424 - 30JulyEcommerce -INFO - Enter User password
2023-01-20 09:24:28,931 - 30JulyEcommerce -INFO - Clicked on longin button
2023-01-20 09:24:36,884 - 30JulyEcommerce -INFO - Open URL
2023-01-20 09:24:40,097 - 30JulyEcommerce -INFO - Enter user mailL
2023-01-20 09:24:43,229 - 30JulyEcommerce -INFO - Enter User password
2023-01-20 09:24:47,642 - 30JulyEcommerce -INFO - Clicked on longin button
2023-01-20 09:24:56,960 - 30JulyEcommerce -INFO - Open URL
2023-01-20 09:25:00,183 - 30JulyEcommerce -INFO - Enter user mailL
2023-01-20 09:25:03,326 - 30JulyEcommerce -INFO - Enter User password
2023-01-20 09:25:06,996 - 30JulyEcommerce -INFO - Clicked on longin button
2023-01-20 09:25:12,983 - 30JulyEcommerce -INFO - Open URL
2023-01-20 09:25:16,202 - 30JulyEcommerce -INFO - Enter user mailL
2023-01-20 09:25:19,355 - 30JulyEcommerce -INFO - Enter User password
2023-01-20 09:25:23,780 - 30JulyEcommerce -INFO - Clicked on longin button
2023-01-20 09:25:31,980 - 30JulyEcommerce -INFO - Open URL
2023-01-20 09:25:35,195 - 30JulyEcommerce -INFO - Enter user mailL
2023-01-20 09:25:38,325 - 30JulyEcommerce -INFO - Enter User password
2023-01-20 09:25:42,094 - 30JulyEcommerce -INFO - Clicked on longin button
2023-01-20 21:27:30,167 - 30JulyEcommerce -INFO - Open URL
2023-01-20 21:27:33,474 - 30JulyEcommerce -INFO - Enter user mailL
2023-01-20 21:27:36,630 - 30JulyEcommerce -INFO - Enter User password
2023-01-20 21:27:41,132 - 30JulyEcommerce -INFO - Clicked on longin button
2023-01-20 21:27:44,306 - 30JulyEcommerce -INFO - Mouseover on computer
2023-01-20 21:27:45,052 - 30JulyEcommerce -INFO - Clicked on NotebookText
2023-01-20 21:28:16,283 - 30JulyEcommerce -INFO - User created
2023-01-20 21:28:23,420 - 30JulyEcommerce -INFO - Open URL
2023-01-20 21:28:26,621 - 30JulyEcommerce -INFO - Enter user mailL
2023-01-20 21:28:29,769 - 30JulyEcommerce -INFO - Enter User password
2023-01-20 21:28:34,031 - 30JulyEcommerce -INFO - Clicked on longin button
2023-01-20 21:28:37,051 - 30JulyEcommerce -INFO - Login successfully
2023-01-20 21:28:47,707 - 30JulyEcommerce -INFO - Open URL
2023-01-20 21:28:50,963 - 30JulyEcommerce -INFO - Enter user mail
2023-01-20 21:28:54,099 - 30JulyEcommerce -INFO - Enter User password
2023-01-20 21:28:57,852 - 30JulyEcommerce -INFO - Clicked on longin button
2023-01-20 21:29:05,349 - 30JulyEcommerce -INFO - Open URL
2023-01-20 21:29:08,552 - 30JulyEcommerce -INFO - Enter user mail
2023-01-20 21:29:11,692 - 30JulyEcommerce -INFO - Enter User password
2023-01-20 21:29:15,447 - 30JulyEcommerce -INFO - Clicked on longin button
2023-01-20 21:29:22,493 - 30JulyEcommerce -INFO - Open URL
2023-01-20 21:29:25,725 - 30JulyEcommerce -INFO - Enter user mail
2023-01-20 21:29:28,864 - 30JulyEcommerce -INFO - Enter User password
2023-01-20 21:29:32,638 - 30JulyEcommerce -INFO - Clicked on longin button
2023-01-20 21:29:39,966 - 30JulyEcommerce -INFO - Open URL
2023-01-20 21:29:43,170 - 30JulyEcommerce -INFO - Enter user mail
2023-01-20 21:29:46,289 - 30JulyEcommerce -INFO - Enter User password
2023-01-20 21:29:50,202 - 30JulyEcommerce -INFO - Clicked on longin button
2023-01-20 21:29:59,070 - 30JulyEcommerce -INFO - Open URL
2023-01-20 21:30:02,290 - 30JulyEcommerce -INFO - Enter user mail
2023-01-20 21:30:05,428 - 30JulyEcommerce -INFO - Enter User password
2023-01-20 21:30:09,223 - 30JulyEcommerce -INFO - Clicked on longin button
2023-01-20 23:48:30,850 - 30JulyEcommerce -INFO - Open URL
2023-01-20 23:48:34,160 - 30JulyEcommerce -INFO - Enter user mailL
2023-01-20 23:48:37,305 - 30JulyEcommerce -INFO - Enter User password
2023-01-20 23:48:41,926 - 30JulyEcommerce -INFO - Clicked on longin button
2023-01-21 12:35:48,798 - 30JulyEcommerce -INFO - Open URL
2023-01-21 12:35:52,081 - 30JulyEcommerce -INFO - Enter user mailL
2023-01-21 12:35:55,222 - 30JulyEcommerce -INFO - Enter User password
2023-01-21 12:35:58,959 - 30JulyEcommerce -INFO - Clicked on longin button
2023-01-21 12:36:34,848 - 30JulyEcommerce -INFO - User created
2023-01-21 12:36:41,653 - 30JulyEcommerce -INFO - Open URL
2023-01-21 12:36:44,883 - 30JulyEcommerce -INFO - Enter user mailL
2023-01-21 12:36:48,021 - 30JulyEcommerce -INFO - Enter User password
2023-01-21 12:36:52,432 - 30JulyEcommerce -INFO - Clicked on longin button
2023-01-21 12:37:03,984 - 30JulyEcommerce -INFO - Open URL
2023-01-21 12:37:07,225 - 30JulyEcommerce -INFO - Enter user mail
2023-01-21 12:37:10,340 - 30JulyEcommerce -INFO - Enter User password
2023-01-21 12:37:14,943 - 30JulyEcommerce -INFO - Clicked on longin button
2023-01-21 12:37:21,101 - 30JulyEcommerce -INFO - Open URL
2023-01-21 12:37:24,317 - 30JulyEcommerce -INFO - Enter user mail
2023-01-21 12:37:27,448 - 30JulyEcommerce -INFO - Enter User password
2023-01-21 12:37:31,946 - 30JulyEcommerce -INFO - Clicked on longin button
2023-01-21 12:37:40,847 - 30JulyEcommerce -INFO - Open URL
2023-01-21 12:37:44,067 - 30JulyEcommerce -INFO - Enter user mail
2023-01-21 12:37:47,192 - 30JulyEcommerce -INFO - Enter User password
2023-01-21 12:37:51,696 - 30JulyEcommerce -INFO - Clicked on longin button
2023-01-21 12:37:58,454 - 30JulyEcommerce -INFO - Open URL
2023-01-21 12:38:01,665 - 30JulyEcommerce -INFO - Enter user mail
2023-01-21 12:38:04,801 - 30JulyEcommerce -INFO - Enter User password
2023-01-21 12:38:09,331 - 30JulyEcommerce -INFO - Clicked on longin button
2023-01-21 12:38:15,336 - 30JulyEcommerce -INFO - Open URL
2023-01-21 12:38:18,547 - 30JulyEcommerce -INFO - Enter user mail
2023-01-21 12:38:21,692 - 30JulyEcommerce -INFO - Enter User password
2023-01-21 12:38:25,490 - 30JulyEcommerce -INFO - Clicked on longin button
2023-01-23 07:43:21,920 - 30JulyEcommerce -INFO - Open URL
2023-01-23 07:43:25,217 - 30JulyEcommerce -INFO - Enter user mailL
2023-01-23 07:43:28,356 - 30JulyEcommerce -INFO - Enter User password
2023-01-23 07:43:32,103 - 30JulyEcommerce -INFO - Clicked on longin button
2023-01-23 07:44:05,608 - 30JulyEcommerce -INFO - User created
2023-01-23 07:44:11,426 - 30JulyEcommerce -INFO - Open URL
2023-01-23 07:44:14,627 - 30JulyEcommerce -INFO - Enter user mailL
2023-01-23 07:44:17,767 - 30JulyEcommerce -INFO - Enter User password
2023-01-23 07:44:21,482 - 30JulyEcommerce -INFO - Clicked on longin button
2023-01-23 07:44:32,839 - 30JulyEcommerce -INFO - Open URL
2023-01-23 07:44:36,066 - 30JulyEcommerce -INFO - Enter user mail
2023-01-23 07:44:39,181 - 30JulyEcommerce -INFO - Enter User password
2023-01-23 07:44:43,589 - 30JulyEcommerce -INFO - Clicked on longin button
2023-01-23 07:44:50,106 - 30JulyEcommerce -INFO - Open URL
2023-01-23 07:44:53,323 - 30JulyEcommerce -INFO - Enter user mail
2023-01-23 07:44:56,448 - 30JulyEcommerce -INFO - Enter User password
2023-01-23 07:45:00,164 - 30JulyEcommerce -INFO - Clicked on longin button
2023-01-23 07:45:06,808 - 30JulyEcommerce -INFO - Open URL
2023-01-23 07:45:10,029 - 30JulyEcommerce -INFO - Enter user mail
2023-01-23 07:45:13,163 - 30JulyEcommerce -INFO - Enter User password
2023-01-23 07:45:17,595 - 30JulyEcommerce -INFO - Clicked on longin button
2023-01-23 07:45:23,496 - 30JulyEcommerce -INFO - Open URL
2023-01-23 07:45:26,700 - 30JulyEcommerce -INFO - Enter user mail
2023-01-23 07:45:29,837 - 30JulyEcommerce -INFO - Enter User password
2023-01-23 07:45:34,215 - 30JulyEcommerce -INFO - Clicked on longin button
2023-01-23 07:45:40,750 - 30JulyEcommerce -INFO - Open URL
2023-01-23 07:45:43,963 - 30JulyEcommerce -INFO - Enter user mail
2023-01-23 07:45:47,098 - 30JulyEcommerce -INFO - Enter User password
2023-01-23 07:45:51,505 - 30JulyEcommerce -INFO - Clicked on longin button
