2023-01-17 08:54:39,186 [main] INFO 30JulyEcommerce - Open commerce URL
2023-01-17 08:54:39,460 [main] INFO 30JulyEcommerce - Enter user mailL
2023-01-17 08:58:38,882 [main] INFO 30JulyEcommerce - Open commerce URL
2023-01-17 08:58:42,186 [main] INFO 30JulyEcommerce - Enter user mailL
2023-01-17 08:59:51,752 [main] INFO 30JulyEcommerce - Open commerce URL
2023-01-17 08:59:55,045 [main] INFO 30JulyEcommerce - Enter user mailL
2023-01-17 08:59:58,168 [main] INFO 30JulyEcommerce - Enter User password
2023-01-17 09:00:01,892 [main] INFO 30JulyEcommerce - Clicked on longin button
2023-01-18 08:03:56,751 [main] INFO 30JulyEcommerce - Open URL
2023-01-18 08:04:00,057 [main] INFO 30JulyEcommerce - Enter user mailL
2023-01-18 08:04:03,186 [main] INFO 30JulyEcommerce - Enter User password
2023-01-18 08:04:08,129 [main] INFO 30JulyEcommerce - Clicked on longin button
2023-01-18 08:04:11,141 [main] INFO 30JulyEcommerce - Login successfully
2023-01-18 08:23:00,313 [main] INFO 30JulyEcommerce - Open URL
2023-01-18 08:23:03,620 [main] INFO 30JulyEcommerce - Enter user mailL
2023-01-18 08:23:06,749 [main] INFO 30JulyEcommerce - Enter User password
2023-01-18 08:23:11,194 [main] INFO 30JulyEcommerce - Clicked on longin button
2023-01-18 08:24:43,506 [main] INFO 30JulyEcommerce - Open URL
2023-01-18 08:24:46,816 [main] INFO 30JulyEcommerce - Enter user mailL
2023-01-18 08:24:49,942 [main] INFO 30JulyEcommerce - Enter User password
2023-01-18 08:24:54,395 [main] INFO 30JulyEcommerce - Clicked on longin button
2023-01-18 08:28:09,942 [main] INFO 30JulyEcommerce - Open URL
2023-01-18 08:28:13,239 [main] INFO 30JulyEcommerce - Enter user mailL
2023-01-18 08:28:16,370 [main] INFO 30JulyEcommerce - Enter User password
2023-01-18 08:28:20,805 [main] INFO 30JulyEcommerce - Clicked on longin button
2023-01-18 08:33:18,789 [main] INFO 30JulyEcommerce - Open URL
2023-01-18 08:33:22,081 [main] INFO 30JulyEcommerce - Enter user mailL
2023-01-18 08:33:25,201 [main] INFO 30JulyEcommerce - Enter User password
2023-01-18 08:33:29,628 [main] INFO 30JulyEcommerce - Clicked on longin button
2023-01-18 08:36:38,032 [main] INFO 30JulyEcommerce - Open URL
2023-01-18 08:36:41,343 [main] INFO 30JulyEcommerce - Enter user mailL
2023-01-18 08:36:44,471 [main] INFO 30JulyEcommerce - Enter User password
2023-01-18 08:36:48,898 [main] INFO 30JulyEcommerce - Clicked on longin button
2023-01-18 08:40:14,572 [main] INFO 30JulyEcommerce - Open URL
2023-01-18 08:40:17,856 [main] INFO 30JulyEcommerce - Enter user mailL
2023-01-18 08:40:20,984 [main] INFO 30JulyEcommerce - Enter User password
2023-01-18 08:40:25,454 [main] INFO 30JulyEcommerce - Clicked on longin button
2023-01-18 08:43:35,992 [main] INFO 30JulyEcommerce - Open URL
2023-01-18 08:43:39,324 [main] INFO 30JulyEcommerce - Enter user mailL
2023-01-18 08:43:42,449 [main] INFO 30JulyEcommerce - Enter User password
2023-01-18 08:43:46,891 [main] INFO 30JulyEcommerce - Clicked on longin button
2023-01-18 09:13:13,975 [main] INFO 30JulyEcommerce - Open URL
2023-01-18 09:13:17,283 [main] INFO 30JulyEcommerce - Enter user mailL
2023-01-18 09:13:20,406 [main] INFO 30JulyEcommerce - Enter User password
2023-01-18 09:13:24,936 [main] INFO 30JulyEcommerce - Clicked on longin button
2023-01-18 09:14:35,031 [main] INFO 30JulyEcommerce - Open URL
2023-01-18 09:14:38,314 [main] INFO 30JulyEcommerce - Enter user mailL
2023-01-18 09:14:41,438 [main] INFO 30JulyEcommerce - Enter User password
2023-01-18 09:14:45,916 [main] INFO 30JulyEcommerce - Clicked on longin button
2023-01-18 09:15:22,838 [main] INFO 30JulyEcommerce - Open URL
2023-01-18 09:15:26,108 [main] INFO 30JulyEcommerce - Enter user mailL
2023-01-18 09:15:29,248 [main] INFO 30JulyEcommerce - Enter User password
2023-01-18 09:15:33,659 [main] INFO 30JulyEcommerce - Clicked on longin button
2023-01-18 19:32:13,070 [main] INFO 30JulyEcommerce - Open URL
2023-01-18 19:32:16,469 [main] INFO 30JulyEcommerce - Enter user mailL
2023-01-18 19:32:19,646 [main] INFO 30JulyEcommerce - Enter User password
2023-01-18 19:32:24,171 [main] INFO 30JulyEcommerce - Clicked on longin button
2023-01-19 08:25:14,645 [main] INFO 30JulyEcommerce - Open URL
2023-01-19 08:25:17,963 [main] INFO 30JulyEcommerce - Enter user mailL
2023-01-19 08:25:21,104 [main] INFO 30JulyEcommerce - Enter User password
2023-01-19 08:25:24,838 [main] INFO 30JulyEcommerce - Clicked on longin button
2023-01-19 08:25:31,779 [main] INFO 30JulyEcommerce - Mouseover on computer
2023-01-19 08:27:22,106 [main] INFO 30JulyEcommerce - Open URL
2023-01-19 08:27:25,408 [main] INFO 30JulyEcommerce - Enter user mailL
2023-01-19 08:27:28,552 [main] INFO 30JulyEcommerce - Enter User password
2023-01-19 08:27:32,775 [main] INFO 30JulyEcommerce - Clicked on longin button
2023-01-19 08:27:35,971 [main] INFO 30JulyEcommerce - Mouseover on computer
2023-01-19 08:27:36,599 [main] INFO 30JulyEcommerce - Clicked on NotebookText
2023-01-19 08:29:49,420 [main] INFO 30JulyEcommerce - Open URL
2023-01-19 08:29:52,718 [main] INFO 30JulyEcommerce - Enter user mailL
2023-01-19 08:29:55,864 [main] INFO 30JulyEcommerce - Enter User password
2023-01-19 08:30:00,761 [main] INFO 30JulyEcommerce - Clicked on longin button
2023-01-19 08:30:03,927 [main] INFO 30JulyEcommerce - Mouseover on computer
2023-01-19 08:30:04,787 [main] INFO 30JulyEcommerce - Clicked on NotebookText
2023-01-19 08:30:06,641 [main] INFO 30JulyEcommerce - Product selected
2023-01-19 08:30:06,722 [main] INFO 30JulyEcommerce - Add to cart
2023-01-19 08:30:07,080 [main] INFO 30JulyEcommerce - Verified message
2023-01-19 08:30:07,143 [main] INFO 30JulyEcommerce - Clciked on close Tab
2023-01-19 09:00:23,233 [main] INFO 30JulyEcommerce - Open URL
2023-01-19 09:00:26,538 [main] INFO 30JulyEcommerce - Enter user mailL
2023-01-19 09:00:29,694 [main] INFO 30JulyEcommerce - Enter User password
2023-01-19 09:00:34,641 [main] INFO 30JulyEcommerce - Clicked on longin button
2023-01-19 09:00:46,074 [main] INFO 30JulyEcommerce - Open URL
2023-01-19 09:00:49,305 [main] INFO 30JulyEcommerce - Enter user mailL
2023-01-19 09:00:52,420 [main] INFO 30JulyEcommerce - Enter User password
2023-01-19 09:00:56,591 [main] INFO 30JulyEcommerce - Clicked on longin button
2023-01-19 09:00:59,764 [main] INFO 30JulyEcommerce - Mouseover on computer
2023-01-19 09:01:00,669 [main] INFO 30JulyEcommerce - Clicked on NotebookText
2023-01-19 09:01:01,865 [main] INFO 30JulyEcommerce - Product selected
2023-01-19 09:01:01,932 [main] INFO 30JulyEcommerce - Add to cart
2023-01-19 09:01:02,750 [main] INFO 30JulyEcommerce - Verified message
2023-01-19 09:01:02,805 [main] INFO 30JulyEcommerce - Clciked on close Tab
2023-01-20 08:14:44,695 [main] INFO 30JulyEcommerce - User created
2023-01-20 09:24:17,959 [main] INFO 30JulyEcommerce - Open URL
2023-01-20 09:24:21,280 [main] INFO 30JulyEcommerce - Enter user mailL
2023-01-20 09:24:24,424 [main] INFO 30JulyEcommerce - Enter User password
2023-01-20 09:24:28,931 [main] INFO 30JulyEcommerce - Clicked on longin button
2023-01-20 09:24:36,884 [main] INFO 30JulyEcommerce - Open URL
2023-01-20 09:24:40,097 [main] INFO 30JulyEcommerce - Enter user mailL
2023-01-20 09:24:43,229 [main] INFO 30JulyEcommerce - Enter User password
2023-01-20 09:24:47,642 [main] INFO 30JulyEcommerce - Clicked on longin button
2023-01-20 09:24:56,960 [main] INFO 30JulyEcommerce - Open URL
2023-01-20 09:25:00,183 [main] INFO 30JulyEcommerce - Enter user mailL
2023-01-20 09:25:03,326 [main] INFO 30JulyEcommerce - Enter User password
2023-01-20 09:25:06,996 [main] INFO 30JulyEcommerce - Clicked on longin button
2023-01-20 09:25:12,983 [main] INFO 30JulyEcommerce - Open URL
2023-01-20 09:25:16,202 [main] INFO 30JulyEcommerce - Enter user mailL
2023-01-20 09:25:19,355 [main] INFO 30JulyEcommerce - Enter User password
2023-01-20 09:25:23,780 [main] INFO 30JulyEcommerce - Clicked on longin button
2023-01-20 09:25:31,980 [main] INFO 30JulyEcommerce - Open URL
2023-01-20 09:25:35,195 [main] INFO 30JulyEcommerce - Enter user mailL
2023-01-20 09:25:38,325 [main] INFO 30JulyEcommerce - Enter User password
2023-01-20 09:25:42,094 [main] INFO 30JulyEcommerce - Clicked on longin button
2023-01-20 21:27:30,167 [main] INFO 30JulyEcommerce - Open URL
2023-01-20 21:27:33,474 [main] INFO 30JulyEcommerce - Enter user mailL
2023-01-20 21:27:36,630 [main] INFO 30JulyEcommerce - Enter User password
2023-01-20 21:27:41,132 [main] INFO 30JulyEcommerce - Clicked on longin button
2023-01-20 21:27:44,306 [main] INFO 30JulyEcommerce - Mouseover on computer
2023-01-20 21:27:45,052 [main] INFO 30JulyEcommerce - Clicked on NotebookText
2023-01-20 21:28:16,283 [main] INFO 30JulyEcommerce - User created
2023-01-20 21:28:23,420 [main] INFO 30JulyEcommerce - Open URL
2023-01-20 21:28:26,621 [main] INFO 30JulyEcommerce - Enter user mailL
2023-01-20 21:28:29,769 [main] INFO 30JulyEcommerce - Enter User password
2023-01-20 21:28:34,031 [main] INFO 30JulyEcommerce - Clicked on longin button
2023-01-20 21:28:37,051 [main] INFO 30JulyEcommerce - Login successfully
2023-01-20 21:28:47,707 [main] INFO 30JulyEcommerce - Open URL
2023-01-20 21:28:50,963 [main] INFO 30JulyEcommerce - Enter user mail
2023-01-20 21:28:54,099 [main] INFO 30JulyEcommerce - Enter User password
2023-01-20 21:28:57,852 [main] INFO 30JulyEcommerce - Clicked on longin button
2023-01-20 21:29:05,349 [main] INFO 30JulyEcommerce - Open URL
2023-01-20 21:29:08,552 [main] INFO 30JulyEcommerce - Enter user mail
2023-01-20 21:29:11,692 [main] INFO 30JulyEcommerce - Enter User password
2023-01-20 21:29:15,447 [main] INFO 30JulyEcommerce - Clicked on longin button
2023-01-20 21:29:22,493 [main] INFO 30JulyEcommerce - Open URL
2023-01-20 21:29:25,725 [main] INFO 30JulyEcommerce - Enter user mail
2023-01-20 21:29:28,864 [main] INFO 30JulyEcommerce - Enter User password
2023-01-20 21:29:32,638 [main] INFO 30JulyEcommerce - Clicked on longin button
2023-01-20 21:29:39,966 [main] INFO 30JulyEcommerce - Open URL
2023-01-20 21:29:43,170 [main] INFO 30JulyEcommerce - Enter user mail
2023-01-20 21:29:46,289 [main] INFO 30JulyEcommerce - Enter User password
2023-01-20 21:29:50,202 [main] INFO 30JulyEcommerce - Clicked on longin button
2023-01-20 21:29:59,070 [main] INFO 30JulyEcommerce - Open URL
2023-01-20 21:30:02,290 [main] INFO 30JulyEcommerce - Enter user mail
2023-01-20 21:30:05,428 [main] INFO 30JulyEcommerce - Enter User password
2023-01-20 21:30:09,223 [main] INFO 30JulyEcommerce - Clicked on longin button
2023-01-20 23:48:30,850 [main] INFO 30JulyEcommerce - Open URL
2023-01-20 23:48:34,160 [main] INFO 30JulyEcommerce - Enter user mailL
2023-01-20 23:48:37,305 [main] INFO 30JulyEcommerce - Enter User password
2023-01-20 23:48:41,926 [main] INFO 30JulyEcommerce - Clicked on longin button
2023-01-21 12:35:48,798 [main] INFO 30JulyEcommerce - Open URL
2023-01-21 12:35:52,081 [main] INFO 30JulyEcommerce - Enter user mailL
2023-01-21 12:35:55,222 [main] INFO 30JulyEcommerce - Enter User password
2023-01-21 12:35:58,959 [main] INFO 30JulyEcommerce - Clicked on longin button
2023-01-21 12:36:34,848 [main] INFO 30JulyEcommerce - User created
2023-01-21 12:36:41,653 [main] INFO 30JulyEcommerce - Open URL
2023-01-21 12:36:44,883 [main] INFO 30JulyEcommerce - Enter user mailL
2023-01-21 12:36:48,021 [main] INFO 30JulyEcommerce - Enter User password
2023-01-21 12:36:52,432 [main] INFO 30JulyEcommerce - Clicked on longin button
2023-01-21 12:37:03,984 [main] INFO 30JulyEcommerce - Open URL
2023-01-21 12:37:07,225 [main] INFO 30JulyEcommerce - Enter user mail
2023-01-21 12:37:10,340 [main] INFO 30JulyEcommerce - Enter User password
2023-01-21 12:37:14,943 [main] INFO 30JulyEcommerce - Clicked on longin button
2023-01-21 12:37:21,101 [main] INFO 30JulyEcommerce - Open URL
2023-01-21 12:37:24,317 [main] INFO 30JulyEcommerce - Enter user mail
2023-01-21 12:37:27,448 [main] INFO 30JulyEcommerce - Enter User password
2023-01-21 12:37:31,946 [main] INFO 30JulyEcommerce - Clicked on longin button
2023-01-21 12:37:40,847 [main] INFO 30JulyEcommerce - Open URL
2023-01-21 12:37:44,067 [main] INFO 30JulyEcommerce - Enter user mail
2023-01-21 12:37:47,192 [main] INFO 30JulyEcommerce - Enter User password
2023-01-21 12:37:51,696 [main] INFO 30JulyEcommerce - Clicked on longin button
2023-01-21 12:37:58,454 [main] INFO 30JulyEcommerce - Open URL
2023-01-21 12:38:01,665 [main] INFO 30JulyEcommerce - Enter user mail
2023-01-21 12:38:04,801 [main] INFO 30JulyEcommerce - Enter User password
2023-01-21 12:38:09,331 [main] INFO 30JulyEcommerce - Clicked on longin button
2023-01-21 12:38:15,336 [main] INFO 30JulyEcommerce - Open URL
2023-01-21 12:38:18,547 [main] INFO 30JulyEcommerce - Enter user mail
2023-01-21 12:38:21,692 [main] INFO 30JulyEcommerce - Enter User password
2023-01-21 12:38:25,490 [main] INFO 30JulyEcommerce - Clicked on longin button
2023-01-23 07:43:21,920 [main] INFO 30JulyEcommerce - Open URL
2023-01-23 07:43:25,217 [main] INFO 30JulyEcommerce - Enter user mailL
2023-01-23 07:43:28,356 [main] INFO 30JulyEcommerce - Enter User password
2023-01-23 07:43:32,103 [main] INFO 30JulyEcommerce - Clicked on longin button
2023-01-23 07:44:05,608 [main] INFO 30JulyEcommerce - User created
2023-01-23 07:44:11,426 [main] INFO 30JulyEcommerce - Open URL
2023-01-23 07:44:14,627 [main] INFO 30JulyEcommerce - Enter user mailL
2023-01-23 07:44:17,767 [main] INFO 30JulyEcommerce - Enter User password
2023-01-23 07:44:21,482 [main] INFO 30JulyEcommerce - Clicked on longin button
2023-01-23 07:44:32,839 [main] INFO 30JulyEcommerce - Open URL
2023-01-23 07:44:36,066 [main] INFO 30JulyEcommerce - Enter user mail
2023-01-23 07:44:39,181 [main] INFO 30JulyEcommerce - Enter User password
2023-01-23 07:44:43,589 [main] INFO 30JulyEcommerce - Clicked on longin button
2023-01-23 07:44:50,106 [main] INFO 30JulyEcommerce - Open URL
2023-01-23 07:44:53,323 [main] INFO 30JulyEcommerce - Enter user mail
2023-01-23 07:44:56,448 [main] INFO 30JulyEcommerce - Enter User password
2023-01-23 07:45:00,164 [main] INFO 30JulyEcommerce - Clicked on longin button
2023-01-23 07:45:06,808 [main] INFO 30JulyEcommerce - Open URL
2023-01-23 07:45:10,029 [main] INFO 30JulyEcommerce - Enter user mail
2023-01-23 07:45:13,163 [main] INFO 30JulyEcommerce - Enter User password
2023-01-23 07:45:17,595 [main] INFO 30JulyEcommerce - Clicked on longin button
2023-01-23 07:45:23,496 [main] INFO 30JulyEcommerce - Open URL
2023-01-23 07:45:26,700 [main] INFO 30JulyEcommerce - Enter user mail
2023-01-23 07:45:29,837 [main] INFO 30JulyEcommerce - Enter User password
2023-01-23 07:45:34,215 [main] INFO 30JulyEcommerce - Clicked on longin button
2023-01-23 07:45:40,750 [main] INFO 30JulyEcommerce - Open URL
2023-01-23 07:45:43,963 [main] INFO 30JulyEcommerce - Enter user mail
2023-01-23 07:45:47,098 [main] INFO 30JulyEcommerce - Enter User password
2023-01-23 07:45:51,505 [main] INFO 30JulyEcommerce - Clicked on longin button
